<?xml version="1.0" encoding="UTF-8"?>
<!-- Generated by org.testng.reporters.JUnitReportReporter -->
<testsuite hostname="DESKTOP-OTQAVLD" failures="0" tests="1" name="Test_package.module_Alerts_frames_window_test" time="43.521" errors="0" timestamp="2024-08-16T15:14:22 IST" skipped="0">
  <testcase classname="Test_package.module_Alerts_frames_window_test" name="test1" time="43.521"/>
</testsuite> <!-- Test_package.module_Alerts_frames_window_test -->
