<?xml version="1.0" encoding="UTF-8"?>
<!-- Generated by org.testng.reporters.JUnitReportReporter -->
<testsuite hostname="DESKTOP-OTQAVLD" failures="0" tests="1" name="Test_package.module_widget_page_test" time="14.740" errors="0" timestamp="2024-08-16T15:26:00 IST" skipped="0">
  <testcase classname="Test_package.module_widget_page_test" name="test" time="14.740"/>
</testsuite> <!-- Test_package.module_widget_page_test -->
