<?xml version="1.0" encoding="UTF-8"?>
<!-- Generated by org.testng.reporters.JUnitReportReporter -->
<testsuite hostname="DESKTOP-OTQAVLD" failures="0" tests="7" name="Test_package.page_test" time="361.184" errors="0" timestamp="2024-08-28T17:30:10 IST" skipped="0">
  <testcase classname="Test_package.page_test" name="home_page_test" time="25.560"/>
  <testcase classname="Test_package.page_test" name="module_element_page_test" time="145.242"/>
  <testcase classname="Test_package.page_test" name="module_forms_page_test" time="25.400"/>
  <testcase classname="Test_package.page_test" name="module_Alerts_frames_window_page_test" time="45.412"/>
  <testcase classname="Test_package.page_test" name="module_widget_page_test" time="47.344"/>
  <testcase classname="Test_package.page_test" name="module_INTERACTION_page_test" time="15.318"/>
  <testcase classname="Test_package.page_test" name="MODULE_Book_Store_Application" time="56.908"/>
</testsuite> <!-- Test_package.page_test -->
