<?xml version="1.0" encoding="UTF-8"?>
<!-- Generated by org.testng.reporters.JUnitReportReporter -->
<testsuite hostname="DESKTOP-OTQAVLD" failures="0" tests="1" name="Test_package.module_forms_page_test" time="5.922" errors="0" timestamp="2024-08-13T14:50:40 IST" skipped="0">
  <testcase classname="Test_package.module_forms_page_test" name="test1" time="5.922"/>
</testsuite> <!-- Test_package.module_forms_page_test -->
