<?xml version="1.0" encoding="UTF-8"?>
<!-- Generated by org.testng.reporters.JUnitReportReporter -->
<testsuite hostname="DESKTOP-OTQAVLD" failures="0" tests="1" name="Test_package.module_element_test" time="32.482" errors="0" timestamp="2024-08-14T17:12:04 IST" skipped="0">
  <testcase classname="Test_package.module_element_test" name="module_element_test1" time="32.482"/>
</testsuite> <!-- Test_package.module_element_test -->
